app/build/intermediates/manifest_merge_blame_file/debug/manifest-merger-blame-debug-report.txt
1<?xml version="1.0" encoding="utf-8"?>
2<manifest xmlns:android="http://schemas.android.com/apk/res/android"
3    package="com.example.bankpayment"
4    android:versionCode="1"
5    android:versionName="1.0" >
6
7    <uses-sdk
8        android:minSdkVersion="16"
8-->src\main\AndroidManifest.xml
9        android:targetSdkVersion="30" />
9-->src\main\AndroidManifest.xml
10
11    <application
11-->src\main\AndroidManifest.xml:5:5-32:19
12        android:allowBackup="true"
12-->src\main\AndroidManifest.xml:6:9-35
13        android:appComponentFactory="androidx.core.app.CoreComponentFactory"
13-->[androidx.core:core:1.1.0] AndroidManifest.xml:24:18-86
14        android:debuggable="true"
15        android:icon="@mipmap/ic_launcher"
15-->src\main\AndroidManifest.xml:7:9-43
16        android:label="Banking"
16-->src\main\AndroidManifest.xml:8:9-32
17        android:roundIcon="@mipmap/ic_launcher_round"
17-->src\main\AndroidManifest.xml:9:9-54
18        android:supportsRtl="true"
18-->src\main\AndroidManifest.xml:10:9-35
19        android:testOnly="true"
20        android:theme="@style/Theme.BankPayment" >
20-->src\main\AndroidManifest.xml:11:9-49
21        <activity
21-->src\main\AndroidManifest.xml:12:9-14:60
22            android:name="com.example.bankpayment.SelectingCustomer"
22-->src\main\AndroidManifest.xml:12:19-52
23            android:label="Selecting Customer!"
23-->src\main\AndroidManifest.xml:14:13-48
24            android:parentActivityName="com.example.bankpayment.SendingMoney" />
24-->src\main\AndroidManifest.xml:13:13-55
25        <activity
25-->src\main\AndroidManifest.xml:15:9-18:58
26            android:name="com.example.bankpayment.SendingMoney"
26-->src\main\AndroidManifest.xml:16:13-41
27            android:label="Transferring Money"
27-->src\main\AndroidManifest.xml:17:13-47
28            android:parentActivityName="com.example.bankpayment.MainActivity" />
28-->src\main\AndroidManifest.xml:18:13-55
29        <activity
29-->src\main\AndroidManifest.xml:19:9-22:58
30            android:name="com.example.bankpayment.AddActivity"
30-->src\main\AndroidManifest.xml:20:13-40
31            android:label="Add Customer"
31-->src\main\AndroidManifest.xml:21:13-41
32            android:parentActivityName="com.example.bankpayment.MainActivity" />
32-->src\main\AndroidManifest.xml:22:13-55
33        <activity
33-->src\main\AndroidManifest.xml:23:9-31:20
34            android:name="com.example.bankpayment.MainActivity"
34-->src\main\AndroidManifest.xml:24:13-41
35            android:label="Customers" >
35-->src\main\AndroidManifest.xml:25:13-38
36            <intent-filter>
36-->src\main\AndroidManifest.xml:26:13-30:29
37                <action android:name="android.intent.action.MAIN" />
37-->src\main\AndroidManifest.xml:27:17-69
37-->src\main\AndroidManifest.xml:27:25-66
38
39                <category android:name="android.intent.category.LAUNCHER" />
39-->src\main\AndroidManifest.xml:29:17-77
39-->src\main\AndroidManifest.xml:29:27-74
40            </intent-filter>
41        </activity>
42    </application>
43
44</manifest>